c:\users\renan cruz\documents\github\cis425-hw04\cis425\support\debug\vc120.pdb
c:\users\renan cruz\documents\github\cis425-hw04\cis425\support\debug\vc120.idb
c:\users\renan cruz\documents\github\cis425-hw04\cis425\support\debug\lightandmaterial1.obj
c:\users\renan cruz\documents\github\cis425-hw04\cis425\support\debug\lightandmaterial2.obj
c:\users\renan cruz\documents\github\cis425-hw04\cis425\support\debug\ballandtoruspicking.obj
c:\users\renan cruz\documents\github\cis425-hw04\cis425\support\debug\beziersurface.obj
c:\users\renan cruz\documents\github\cis425-hw04\cis425\support\debug\blendrectangles2.obj
c:\users\renan cruz\documents\github\cis425-hw04\cis425\support\debug\boxandsquarespickingandviewsanddragging.obj
c:\users\renan cruz\documents\github\cis425-hw04\cis425\support\debug\selection.obj
c:\users\renan cruz\documents\github\cis425-hw04\cis425\support\debug\canvas.obj
c:\users\renan cruz\documents\github\cis425-hw04\cis425\support\debug\sv2.obj
c:\users\renan cruz\documents\github\cis425-hw04\cis425\debug\support.ilk
c:\users\renan cruz\documents\github\cis425-hw04\cis425\debug\support.exe
c:\users\renan cruz\documents\github\cis425-hw04\cis425\debug\support.pdb
c:\users\renan cruz\documents\github\cis425-hw04\cis425\support\debug\support.tlog\cl.command.1.tlog
c:\users\renan cruz\documents\github\cis425-hw04\cis425\support\debug\support.tlog\cl.read.1.tlog
c:\users\renan cruz\documents\github\cis425-hw04\cis425\support\debug\support.tlog\cl.write.1.tlog
c:\users\renan cruz\documents\github\cis425-hw04\cis425\support\debug\support.tlog\link.command.1.tlog
c:\users\renan cruz\documents\github\cis425-hw04\cis425\support\debug\support.tlog\link.read.1.tlog
c:\users\renan cruz\documents\github\cis425-hw04\cis425\support\debug\support.tlog\link.write.1.tlog
