Build started 12/12/2014 12:25:05 PM.
     1>Project "C:\Users\Renan Cruz\Documents\GitHub\CIS-425\CIS425\FinalProject\FinalProject.vcxproj" on node 2 (Build target(s)).
     1>Link:
         C:\Program Files (x86)\Microsoft Visual Studio 12.0\VC\bin\link.exe /ERRORREPORT:PROMPT /OUT:"C:\Users\Renan Cruz\Documents\GitHub\CIS-425\CIS425\Debug\FinalProject.exe" /INCREMENTAL /NOLOGO kernel32.lib user32.lib gdi32.lib winspool.lib comdlg32.lib advapi32.lib shell32.lib ole32.lib oleaut32.lib uuid.lib odbc32.lib odbccp32.lib /MANIFEST /MANIFESTUAC:"level='asInvoker' uiAccess='false'" /manifest:embed /DEBUG /PDB:"C:\Users\Renan Cruz\Documents\GitHub\CIS-425\CIS425\Debug\FinalProject.pdb" /SUBSYSTEM:CONSOLE /TLBID:1 /DYNAMICBASE /NXCOMPAT /IMPLIB:"C:\Users\Renan Cruz\Documents\GitHub\CIS-425\CIS425\Debug\FinalProject.lib" /MACHINE:X86 Debug\Battalion.obj
         Debug\Bullet.obj
         Debug\Game.obj
         Debug\Main.obj
         Debug\Panther.obj
         Debug\PantherBullet.obj
         Debug\Panzer.obj
         Debug\PanzerBullet.obj
         Debug\Smoke.obj
         Debug\SmokeParticle.obj
         Debug\Tank.obj
         Debug\Texture.obj
         Debug\TigerBulletcpp.obj
         Debug\Utils.obj
     1>TigerBulletcpp.obj : warning LNK4099: PDB 'vc120.pdb' was not found with 'TigerBulletcpp.obj' or at 'C:\Users\Renan Cruz\Documents\GitHub\CIS-425\CIS425\Debug\vc120.pdb'; linking object as if no debug info
     1>SmokeParticle.obj : warning LNK4099: PDB 'vc120.pdb' was not found with 'SmokeParticle.obj' or at 'C:\Users\Renan Cruz\Documents\GitHub\CIS-425\CIS425\Debug\vc120.pdb'; linking object as if no debug info
     1>Smoke.obj : warning LNK4099: PDB 'vc120.pdb' was not found with 'Smoke.obj' or at 'C:\Users\Renan Cruz\Documents\GitHub\CIS-425\CIS425\Debug\vc120.pdb'; linking object as if no debug info
     1>PantherBullet.obj : warning LNK4099: PDB 'vc120.pdb' was not found with 'PantherBullet.obj' or at 'C:\Users\Renan Cruz\Documents\GitHub\CIS-425\CIS425\Debug\vc120.pdb'; linking object as if no debug info
         FinalProject.vcxproj -> C:\Users\Renan Cruz\Documents\GitHub\CIS-425\CIS425\Debug\FinalProject.exe
     1>Done Building Project "C:\Users\Renan Cruz\Documents\GitHub\CIS-425\CIS425\FinalProject\FinalProject.vcxproj" (Build target(s)).

Build succeeded.

Time Elapsed 00:00:01.22
