c:\users\renan cruz\documents\github\cis-425\cis425\finalproject\debug\vc120.pdb
c:\users\renan cruz\documents\github\cis-425\cis425\finalproject\debug\vc120.idb
c:\users\renan cruz\documents\github\cis-425\cis425\finalproject\debug\main.obj
c:\users\renan cruz\documents\github\cis-425\cis425\finalproject\debug\panther.obj
c:\users\renan cruz\documents\github\cis-425\cis425\finalproject\debug\panzer.obj
c:\users\renan cruz\documents\github\cis-425\cis425\finalproject\debug\tiger.obj
c:\users\renan cruz\documents\github\cis-425\cis425\finalproject\debug\tank.obj
c:\users\renan cruz\documents\github\cis-425\cis425\finalproject\debug\bullet.obj
c:\users\renan cruz\documents\github\cis-425\cis425\finalproject\debug\pantherbullet.obj
c:\users\renan cruz\documents\github\cis-425\cis425\finalproject\debug\tigerbulletcpp.obj
c:\users\renan cruz\documents\github\cis-425\cis425\finalproject\debug\panzerbullet.obj
c:\users\renan cruz\documents\github\cis-425\cis425\finalproject\debug\utils.obj
c:\users\renan cruz\documents\github\cis-425\cis425\finalproject\debug\battalion.obj
c:\users\renan cruz\documents\github\cis-425\cis425\finalproject\debug\game.obj
c:\users\renan cruz\documents\github\cis-425\cis425\debug\finalproject.ilk
c:\users\renan cruz\documents\github\cis-425\cis425\debug\finalproject.exe
c:\users\renan cruz\documents\github\cis-425\cis425\debug\finalproject.pdb
c:\users\renan cruz\documents\github\cis-425\cis425\finalproject\debug\finalproject.tlog\cl.command.1.tlog
c:\users\renan cruz\documents\github\cis-425\cis425\finalproject\debug\finalproject.tlog\cl.read.1.tlog
c:\users\renan cruz\documents\github\cis-425\cis425\finalproject\debug\finalproject.tlog\cl.write.1.tlog
c:\users\renan cruz\documents\github\cis-425\cis425\finalproject\debug\finalproject.tlog\link.command.1.tlog
c:\users\renan cruz\documents\github\cis-425\cis425\finalproject\debug\finalproject.tlog\link.read.1.tlog
c:\users\renan cruz\documents\github\cis-425\cis425\finalproject\debug\finalproject.tlog\link.write.1.tlog
